;  LST file generated by mikroListExporter - v.2.0 
; Date/Time: 24.12.2022 13:56:45
;----------------------------------------------

;Address Opcode 	ASM
0x0000	0x289D      	GOTO       157
_____DoICP:
;__Lib_System.c,6 :: 		
;__Lib_System.c,9 :: 		
0x0003	0x1283      	BCF        STATUS, 5
0x0004	0x1303      	BCF        STATUS, 6
0x0005	0x0821      	MOVF       ___DoICPAddr+1, 0
0x0006	0x008A      	MOVWF      PCLATH
;__Lib_System.c,10 :: 		
0x0007	0x0820      	MOVF       ___DoICPAddr, 0
0x0008	0x0082      	MOVWF      PCL
;__Lib_System.c,12 :: 		
L_end_____DoICP:
0x0009	0x0008      	RETURN
; end of _____DoICP
_PWM1_Init:
;__Lib_PWM_c21.c,32 :: 		
;__Lib_PWM_c21.c,33 :: 		
;__Lib_PWM_c21.c,34 :: 		
0x000A	0x1283      	BCF        STATUS, 5
0x000B	0x1303      	BCF        STATUS, 6
0x000C	0x0195      	CLRF       CCPR1L
;__Lib_PWM_c21.c,35 :: 		
0x000D	0x1217      	BCF        CCP1CON, 4
;__Lib_PWM_c21.c,36 :: 		
0x000E	0x1297      	BCF        CCP1CON, 5
;__Lib_PWM_c21.c,37 :: 		
L_end_PWM1_Init:
0x000F	0x0008      	RETURN
; end of _PWM1_Init
_Mul_16X16_U:
;__Lib_Math.c,136 :: 		
;__Lib_Math.c,143 :: 		
0x0010	0x1283      	BCF        STATUS, 5
;__Lib_Math.c,144 :: 		
0x0011	0x1303      	BCF        STATUS, 6
;__Lib_Math.c,145 :: 		
0x0012	0x01FB      	CLRF       R11
;__Lib_Math.c,146 :: 		
0x0013	0x01FA      	CLRF       R10
;__Lib_Math.c,147 :: 		
0x0014	0x01F9      	CLRF       R9
;__Lib_Math.c,148 :: 		
0x0015	0x3080      	MOVLW      128
;__Lib_Math.c,149 :: 		
0x0016	0x00F8      	MOVWF      R8
;__Lib_Math.c,150 :: 		
0x0017	0x0CF1      	RRF        R1, 1
;__Lib_Math.c,151 :: 		
0x0018	0x0CF0      	RRF        R0, 1
;__Lib_Math.c,152 :: 		
0x0019	0x1C03      	BTFSS      STATUS, 0
;__Lib_Math.c,153 :: 		
0x001A	0x2824      	GOTO       $+10
;__Lib_Math.c,154 :: 		
0x001B	0x0874      	MOVF       R4, 0
;__Lib_Math.c,155 :: 		
0x001C	0x07F9      	ADDWF      R9, 1
;__Lib_Math.c,156 :: 		
0x001D	0x0875      	MOVF       R5, 0
;__Lib_Math.c,157 :: 		
0x001E	0x1803      	BTFSC      STATUS, 0
;__Lib_Math.c,158 :: 		
0x001F	0x0F75      	INCFSZ     R5, 0
;__Lib_Math.c,159 :: 		
0x0020	0x07FA      	ADDWF      R10, 1
;__Lib_Math.c,160 :: 		
0x0021	0x1803      	BTFSC      STATUS, 0
;__Lib_Math.c,161 :: 		
0x0022	0x0AFB      	INCF       R11, 1
;__Lib_Math.c,162 :: 		
0x0023	0x1003      	BCF        STATUS, 0
;__Lib_Math.c,163 :: 		
0x0024	0x1FF0      	BTFSS      R0, 7
;__Lib_Math.c,164 :: 		
0x0025	0x282C      	GOTO       $+7
;__Lib_Math.c,165 :: 		
0x0026	0x0874      	MOVF       R4, 0
;__Lib_Math.c,166 :: 		
0x0027	0x07FA      	ADDWF      R10, 1
;__Lib_Math.c,167 :: 		
0x0028	0x0875      	MOVF       R5, 0
;__Lib_Math.c,168 :: 		
0x0029	0x1803      	BTFSC      STATUS, 0
;__Lib_Math.c,169 :: 		
0x002A	0x0F75      	INCFSZ     R5, 0
;__Lib_Math.c,170 :: 		
0x002B	0x07FB      	ADDWF      R11, 1
;__Lib_Math.c,171 :: 		
0x002C	0x0CFB      	RRF        R11, 1
;__Lib_Math.c,172 :: 		
0x002D	0x0CFA      	RRF        R10, 1
;__Lib_Math.c,173 :: 		
0x002E	0x0CF9      	RRF        R9, 1
;__Lib_Math.c,174 :: 		
0x002F	0x0CF8      	RRF        R8, 1
;__Lib_Math.c,175 :: 		
0x0030	0x1C03      	BTFSS      STATUS, 0
;__Lib_Math.c,176 :: 		
0x0031	0x2817      	GOTO       $-26
;__Lib_Math.c,177 :: 		
0x0032	0x087B      	MOVF       R11, 0
;__Lib_Math.c,178 :: 		
0x0033	0x00F3      	MOVWF      R3
;__Lib_Math.c,179 :: 		
0x0034	0x087A      	MOVF       R10, 0
;__Lib_Math.c,180 :: 		
0x0035	0x00F2      	MOVWF      R2
;__Lib_Math.c,181 :: 		
0x0036	0x0879      	MOVF       R9, 0
;__Lib_Math.c,182 :: 		
0x0037	0x00F1      	MOVWF      R1
;__Lib_Math.c,183 :: 		
0x0038	0x0878      	MOVF       R8, 0
;__Lib_Math.c,184 :: 		
0x0039	0x00F0      	MOVWF      R0
;__Lib_Math.c,187 :: 		
L_end_Mul_16X16_U:
0x003A	0x0008      	RETURN
; end of _Mul_16X16_U
_initMain:
;_rnek24.c,3 :: 		void initMain(){
;_rnek24.c,5 :: 		ANSEL = 0;
0x003B	0x1683      	BSF        STATUS, 5
0x003C	0x1703      	BSF        STATUS, 6
0x003D	0x0188      	CLRF       ANSEL
;_rnek24.c,6 :: 		ANSELH = 0;
0x003E	0x0189      	CLRF       ANSELH
;_rnek24.c,7 :: 		TRISA = 255;
0x003F	0x30FF      	MOVLW      255
0x0040	0x1303      	BCF        STATUS, 6
0x0041	0x0085      	MOVWF      TRISA
;_rnek24.c,8 :: 		TRISD = 0;
0x0042	0x0188      	CLRF       TRISD
;_rnek24.c,9 :: 		TRISC = 0;
0x0043	0x0187      	CLRF       TRISC
;_rnek24.c,10 :: 		PORTA = 0;
0x0044	0x1283      	BCF        STATUS, 5
0x0045	0x0185      	CLRF       PORTA
;_rnek24.c,11 :: 		PORTD = 0;
0x0046	0x0188      	CLRF       PORTD
;_rnek24.c,12 :: 		PORTC = 0;
0x0047	0x0187      	CLRF       PORTC
;_rnek24.c,13 :: 		PWM1_Init(1000);
0x0048	0x1412      	BSF        T2CON, 0
0x0049	0x1492      	BSF        T2CON, 1
0x004A	0x307C      	MOVLW      124
0x004B	0x1683      	BSF        STATUS, 5
0x004C	0x0092      	MOVWF      PR2
0x004D	0x200A      	CALL       _PWM1_Init
;_rnek24.c,14 :: 		}
L_end_initMain:
0x004E	0x0008      	RETURN
; end of _initMain
_PWM1_Set_Duty:
;__Lib_PWM_c21.c,39 :: 		
;__Lib_PWM_c21.c,43 :: 		
0x004F	0x1683      	BSF        STATUS, 5
0x0050	0x1303      	BCF        STATUS, 6
0x0051	0x0812      	MOVF       PR2, 0
0x0052	0x3E01      	ADDLW      1
0x0053	0x00F0      	MOVWF      R0
0x0054	0x01F1      	CLRF       R0+1
0x0055	0x1803      	BTFSC      STATUS, 0
0x0056	0x0AF1      	INCF       R0+1, 1
0x0057	0x1283      	BCF        STATUS, 5
0x0058	0x0824      	MOVF       FARG_PWM1_Set_Duty_new_duty, 0
0x0059	0x00F4      	MOVWF      R4
0x005A	0x01F5      	CLRF       R4+1
0x005B	0x2010      	CALL       _Mul_16X16_U
0x005C	0x3006      	MOVLW      6
0x005D	0x00F2      	MOVWF      R2
0x005E	0x0870      	MOVF       R0, 0
0x005F	0x00F4      	MOVWF      R4
0x0060	0x0871      	MOVF       R0+1, 0
0x0061	0x00F5      	MOVWF      R4+1
0x0062	0x0872      	MOVF       R2, 0
L__PWM1_Set_Duty10:
0x0063	0x1903      	BTFSC      STATUS, 2
0x0064	0x286A      	GOTO       L__PWM1_Set_Duty11
0x0065	0x0CF5      	RRF        R4+1, 1
0x0066	0x0CF4      	RRF        R4, 1
0x0067	0x13F5      	BCF        R4+1, 7
0x0068	0x3EFF      	ADDLW      255
0x0069	0x2863      	GOTO       L__PWM1_Set_Duty10
L__PWM1_Set_Duty11:
;__Lib_PWM_c21.c,44 :: 		
0x006A	0x3004      	MOVLW      4
0x006B	0x00F1      	MOVWF      R1
0x006C	0x0874      	MOVF       R4, 0
0x006D	0x00F0      	MOVWF      R0
0x006E	0x0871      	MOVF       R1, 0
L__PWM1_Set_Duty12:
0x006F	0x1903      	BTFSC      STATUS, 2
0x0070	0x2875      	GOTO       L__PWM1_Set_Duty13
0x0071	0x0DF0      	RLF        R0, 1
0x0072	0x1070      	BCF        R0, 0
0x0073	0x3EFF      	ADDLW      255
0x0074	0x286F      	GOTO       L__PWM1_Set_Duty12
L__PWM1_Set_Duty13:
0x0075	0x3030      	MOVLW      48
0x0076	0x0570      	ANDWF      R0, 0
0x0077	0x00F3      	MOVWF      R3
;__Lib_PWM_c21.c,45 :: 		
0x0078	0x0874      	MOVF       R4, 0
0x0079	0x00F0      	MOVWF      R0
0x007A	0x0875      	MOVF       R4+1, 0
0x007B	0x00F1      	MOVWF      R0+1
0x007C	0x0CF1      	RRF        R0+1, 1
0x007D	0x0CF0      	RRF        R0, 1
0x007E	0x13F1      	BCF        R0+1, 7
0x007F	0x0CF1      	RRF        R0+1, 1
0x0080	0x0CF0      	RRF        R0, 1
0x0081	0x13F1      	BCF        R0+1, 7
0x0082	0x0870      	MOVF       R0, 0
0x0083	0x0095      	MOVWF      CCPR1L
;__Lib_PWM_c21.c,46 :: 		
0x0084	0x300F      	MOVLW      15
0x0085	0x0597      	ANDWF      CCP1CON, 1
;__Lib_PWM_c21.c,47 :: 		
0x0086	0x0873      	MOVF       R3, 0
0x0087	0x0497      	IORWF      CCP1CON, 1
;__Lib_PWM_c21.c,48 :: 		
L_end_PWM1_Set_Duty:
0x0088	0x0008      	RETURN
; end of _PWM1_Set_Duty
___CC2DW:
;__Lib_System.c,134 :: 		
;__Lib_System.c,137 :: 		
_CC2D_Loop1:
;__Lib_System.c,139 :: 		
0x0089	0x2003      	CALL       _____DoICP
0x008A	0x118A      	BCF        PCLATH, 3
0x008B	0x120A      	BCF        PCLATH, 4
;__Lib_System.c,141 :: 		
0x008C	0x0080      	MOVWF      INDF
;__Lib_System.c,142 :: 		
0x008D	0x0A84      	INCF       FSR, 1
;__Lib_System.c,143 :: 		
0x008E	0x0AA0      	INCF       ___DoICPAddr, 1
;__Lib_System.c,145 :: 		
0x008F	0x1903      	BTFSC      STATUS, 2
;__Lib_System.c,146 :: 		
0x0090	0x0AA1      	INCF       ___DoICPAddr+1, 1
;__Lib_System.c,147 :: 		
0x0091	0x03F0      	DECF       R0, 1
;__Lib_System.c,149 :: 		
0x0092	0x1D03      	BTFSS      STATUS, 2
;__Lib_System.c,150 :: 		
0x0093	0x2889      	GOTO       _CC2D_Loop1
;__Lib_System.c,152 :: 		
L_end___CC2DW:
0x0094	0x0008      	RETURN
; end of ___CC2DW
_PWM1_Start:
;__Lib_PWM_c21.c,50 :: 		
;__Lib_PWM_c21.c,51 :: 		
0x0095	0x1683      	BSF        STATUS, 5
0x0096	0x1303      	BCF        STATUS, 6
0x0097	0x1107      	BCF        TRISC2_bit, BitPos(TRISC2_bit+0)
;__Lib_PWM_c21.c,52 :: 		
0x0098	0x1283      	BCF        STATUS, 5
0x0099	0x1512      	BSF        T2CON, 2
;__Lib_PWM_c21.c,53 :: 		
0x009A	0x300C      	MOVLW      12
0x009B	0x0497      	IORWF      CCP1CON, 1
;__Lib_PWM_c21.c,54 :: 		
L_end_PWM1_Start:
0x009C	0x0008      	RETURN
; end of _PWM1_Start
_main:
;_rnek24.c,16 :: 		void main() {
;_rnek24.c,18 :: 		InitMain();
0x009D	0x203B      	CALL       _initMain
;_rnek24.c,20 :: 		duty = 128;
0x009E	0x3080      	MOVLW      128
0x009F	0x00A2      	MOVWF      _duty
;_rnek24.c,21 :: 		temp_duty = 0;
0x00A0	0x01A3      	CLRF       _temp_duty
;_rnek24.c,22 :: 		PWM1_Start();
0x00A1	0x2095      	CALL       _PWM1_Start
;_rnek24.c,24 :: 		while(1){
L_main0:
;_rnek24.c,26 :: 		if(!PORTA.F0){
0x00A2	0x1805      	BTFSC      PORTA, 0
0x00A3	0x28A6      	GOTO       L_main2
;_rnek24.c,28 :: 		duty += 4;
0x00A4	0x3004      	MOVLW      4
0x00A5	0x07A2      	ADDWF      _duty, 1
;_rnek24.c,29 :: 		}
L_main2:
;_rnek24.c,31 :: 		if(!PORTA.F1){
0x00A6	0x1885      	BTFSC      PORTA, 1
0x00A7	0x28AA      	GOTO       L_main3
;_rnek24.c,33 :: 		duty -= 4;
0x00A8	0x3004      	MOVLW      4
0x00A9	0x02A2      	SUBWF      _duty, 1
;_rnek24.c,34 :: 		}
L_main3:
;_rnek24.c,36 :: 		if(temp_duty != duty){
0x00AA	0x0823      	MOVF       _temp_duty, 0
0x00AB	0x0622      	XORWF      _duty, 0
0x00AC	0x1903      	BTFSC      STATUS, 2
0x00AD	0x28B5      	GOTO       L_main4
;_rnek24.c,38 :: 		PWM1_Set_Duty(duty);
0x00AE	0x0822      	MOVF       _duty, 0
0x00AF	0x00A4      	MOVWF      FARG_PWM1_Set_Duty_new_duty
0x00B0	0x204F      	CALL       _PWM1_Set_Duty
;_rnek24.c,40 :: 		temp_duty = duty;
0x00B1	0x0822      	MOVF       _duty, 0
0x00B2	0x00A3      	MOVWF      _temp_duty
;_rnek24.c,41 :: 		PORTD = temp_duty;
0x00B3	0x0822      	MOVF       _duty, 0
0x00B4	0x0088      	MOVWF      PORTD
;_rnek24.c,42 :: 		}
L_main4:
;_rnek24.c,44 :: 		Delay_ms(200);
0x00B5	0x3003      	MOVLW      3
0x00B6	0x00FB      	MOVWF      R11
0x00B7	0x3008      	MOVLW      8
0x00B8	0x00FC      	MOVWF      R12
0x00B9	0x3077      	MOVLW      119
0x00BA	0x00FD      	MOVWF      R13
L_main5:
0x00BB	0x0BFD      	DECFSZ     R13, 1
0x00BC	0x28BB      	GOTO       L_main5
0x00BD	0x0BFC      	DECFSZ     R12, 1
0x00BE	0x28BB      	GOTO       L_main5
0x00BF	0x0BFB      	DECFSZ     R11, 1
0x00C0	0x28BB      	GOTO       L_main5
;_rnek24.c,45 :: 		}
0x00C1	0x28A2      	GOTO       L_main0
;_rnek24.c,46 :: 		}
L_end_main:
0x00C2	0x28C2      	GOTO       $+0
; end of _main
Symbol List:
//** Routines locations **
//ADDRESS    SIZE    PROCEDURE
//----------------------------------------------
0x0003       [7]    _____DoICP
0x000A       [6]    _PWM1_Init
0x0010      [43]    _Mul_16X16_U
0x003B      [20]    _initMain
0x004F      [58]    _PWM1_Set_Duty
0x0089      [12]    ___CC2DW
0x0095       [8]    _PWM1_Start
0x009D      [38]    _main
//** Variables locations ** 
//ADDRESS    SIZE    VARIABLE
//----------------------------------------------
0x0000       [1]    INDF
0x0002       [1]    PCL
0x0003       [1]    STATUS
0x0004       [1]    FSR
0x0005       [1]    PORTA
0x0007       [1]    PORTC
0x0008       [1]    PORTD
0x000A       [1]    PCLATH
0x0012       [1]    T2CON
0x0015       [1]    CCPR1L
0x0017       [1]    CCP1CON
0x0020       [2]    ___DoICPAddr
0x0022       [1]    _duty
0x0023       [1]    _temp_duty
0x0024       [1]    FARG_PWM1_Set_Duty_new_duty
0x0025       [4]    FARG_PWM1_Init_PWM_Freq
0x0070       [1]    R0
0x0071       [1]    R1
0x0072       [1]    R2
0x0073       [1]    R3
0x0074       [1]    R4
0x0075       [1]    R5
0x0076       [1]    R6
0x0077       [1]    R7
0x0078       [1]    R8
0x0079       [1]    R9
0x007A       [1]    R10
0x007B       [1]    R11
0x007C       [1]    R12
0x007D       [1]    R13
0x007E       [1]    R14
0x007F       [1]    R15
0x0085       [1]    TRISA
0x0087       [0]    TRISC2_bit
0x0087       [1]    TRISC
0x0088       [1]    TRISD
0x0092       [1]    PR2
0x0188       [1]    ANSEL
0x0189       [1]    ANSELH
