;  LST file generated by mikroListExporter - v.2.0 
; Date/Time: 13.11.2022 19:26:18
;----------------------------------------------

;Address Opcode 	ASM
0x0000	0x2816      	GOTO       22
_____DoICP:
;__Lib_System.c,6 :: 		
;__Lib_System.c,9 :: 		
0x0003	0x1283      	BCF        STATUS, 5
0x0004	0x1303      	BCF        STATUS, 6
0x0005	0x0825      	MOVF       ___DoICPAddr+1, 0
0x0006	0x008A      	MOVWF      PCLATH
;__Lib_System.c,10 :: 		
0x0007	0x0824      	MOVF       ___DoICPAddr, 0
0x0008	0x0082      	MOVWF      PCL
;__Lib_System.c,12 :: 		
L_end_____DoICP:
0x0009	0x0008      	RETURN
; end of _____DoICP
___CC2DW:
;__Lib_System.c,134 :: 		
;__Lib_System.c,137 :: 		
_CC2D_Loop1:
;__Lib_System.c,139 :: 		
0x000A	0x2003      	CALL       _____DoICP
0x000B	0x118A      	BCF        PCLATH, 3
0x000C	0x120A      	BCF        PCLATH, 4
;__Lib_System.c,141 :: 		
0x000D	0x0080      	MOVWF      INDF
;__Lib_System.c,142 :: 		
0x000E	0x0A84      	INCF       FSR, 1
;__Lib_System.c,143 :: 		
0x000F	0x0AA4      	INCF       ___DoICPAddr, 1
;__Lib_System.c,145 :: 		
0x0010	0x1903      	BTFSC      STATUS, 2
;__Lib_System.c,146 :: 		
0x0011	0x0AA5      	INCF       ___DoICPAddr+1, 1
;__Lib_System.c,147 :: 		
0x0012	0x03F0      	DECF       R0, 1
;__Lib_System.c,149 :: 		
0x0013	0x1D03      	BTFSS      STATUS, 2
;__Lib_System.c,150 :: 		
0x0014	0x280A      	GOTO       _CC2D_Loop1
;__Lib_System.c,152 :: 		
L_end___CC2DW:
0x0015	0x0008      	RETURN
; end of ___CC2DW
_main:
0x0016	0x1283      	BCF        STATUS, 5
0x0017	0x1303      	BCF        STATUS, 6
0x0018	0x01A0      	CLRF       _up
0x0019	0x01A1      	CLRF       33
0x001A	0x3001      	MOVLW      1
0x001B	0x00A2      	MOVWF      _down
0x001C	0x01A3      	CLRF       35
;_rnek5.c,4 :: 		void main() {
;_rnek5.c,6 :: 		TRISB=0;
0x001D	0x1683      	BSF        STATUS, 5
0x001E	0x0186      	CLRF       TRISB
;_rnek5.c,7 :: 		ANSEL=ANSELH=0;
0x001F	0x1703      	BSF        STATUS, 6
0x0020	0x0189      	CLRF       ANSELH
0x0021	0x0188      	CLRF       ANSEL
;_rnek5.c,8 :: 		PORTB=0b00110000;
0x0022	0x3030      	MOVLW      48
0x0023	0x1283      	BCF        STATUS, 5
0x0024	0x1303      	BCF        STATUS, 6
0x0025	0x0086      	MOVWF      PORTB
;_rnek5.c,9 :: 		delay_ms(10);
0x0026	0x301A      	MOVLW      26
0x0027	0x00FC      	MOVWF      R12
0x0028	0x30F8      	MOVLW      248
0x0029	0x00FD      	MOVWF      R13
L_main0:
0x002A	0x0BFD      	DECFSZ     R13, 1
0x002B	0x282A      	GOTO       L_main0
0x002C	0x0BFC      	DECFSZ     R12, 1
0x002D	0x282A      	GOTO       L_main0
0x002E	0x0000      	NOP
;_rnek5.c,11 :: 		while(1){
L_main1:
;_rnek5.c,13 :: 		if(PORTB>=0b11000000&&up==1){
0x002F	0x30C0      	MOVLW      192
0x0030	0x0206      	SUBWF      PORTB, 0
0x0031	0x1C03      	BTFSS      STATUS, 0
0x0032	0x283F      	GOTO       L_main5
0x0033	0x3000      	MOVLW      0
0x0034	0x0621      	XORWF      _up+1, 0
0x0035	0x1D03      	BTFSS      STATUS, 2
0x0036	0x2839      	GOTO       L__main22
0x0037	0x3001      	MOVLW      1
0x0038	0x0620      	XORWF      _up, 0
L__main22:
0x0039	0x1D03      	BTFSS      STATUS, 2
0x003A	0x283F      	GOTO       L_main5
L__main20:
;_rnek5.c,15 :: 		down=1;
0x003B	0x3001      	MOVLW      1
0x003C	0x00A2      	MOVWF      _down
0x003D	0x3000      	MOVLW      0
0x003E	0x00A3      	MOVWF      _down+1
;_rnek5.c,16 :: 		}
L_main5:
;_rnek5.c,18 :: 		if(PORTB>=0b11000000||down==1){
0x003F	0x30C0      	MOVLW      192
0x0040	0x0206      	SUBWF      PORTB, 0
0x0041	0x1803      	BTFSC      STATUS, 0
0x0042	0x284C      	GOTO       L__main19
0x0043	0x3000      	MOVLW      0
0x0044	0x0623      	XORWF      _down+1, 0
0x0045	0x1D03      	BTFSS      STATUS, 2
0x0046	0x2849      	GOTO       L__main23
0x0047	0x3001      	MOVLW      1
0x0048	0x0622      	XORWF      _down, 0
L__main23:
0x0049	0x1903      	BTFSC      STATUS, 2
0x004A	0x284C      	GOTO       L__main19
0x004B	0x285D      	GOTO       L_main8
L__main19:
;_rnek5.c,20 :: 		PORTB=PORTB>>1;
0x004C	0x0806      	MOVF       PORTB, 0
0x004D	0x00F0      	MOVWF      R0
0x004E	0x0CF0      	RRF        R0, 1
0x004F	0x13F0      	BCF        R0, 7
0x0050	0x0870      	MOVF       R0, 0
0x0051	0x0086      	MOVWF      PORTB
;_rnek5.c,21 :: 		delay_ms(10);
0x0052	0x301A      	MOVLW      26
0x0053	0x00FC      	MOVWF      R12
0x0054	0x30F8      	MOVLW      248
0x0055	0x00FD      	MOVWF      R13
L_main9:
0x0056	0x0BFD      	DECFSZ     R13, 1
0x0057	0x2856      	GOTO       L_main9
0x0058	0x0BFC      	DECFSZ     R12, 1
0x0059	0x2856      	GOTO       L_main9
0x005A	0x0000      	NOP
;_rnek5.c,22 :: 		up=0;
0x005B	0x01A0      	CLRF       _up
0x005C	0x01A1      	CLRF       _up+1
;_rnek5.c,23 :: 		}
L_main8:
;_rnek5.c,26 :: 		if(PORTB<=0b00000011&&down==1){
0x005D	0x0806      	MOVF       PORTB, 0
0x005E	0x3C03      	SUBLW      3
0x005F	0x1C03      	BTFSS      STATUS, 0
0x0060	0x286D      	GOTO       L_main12
0x0061	0x3000      	MOVLW      0
0x0062	0x0623      	XORWF      _down+1, 0
0x0063	0x1D03      	BTFSS      STATUS, 2
0x0064	0x2867      	GOTO       L__main24
0x0065	0x3001      	MOVLW      1
0x0066	0x0622      	XORWF      _down, 0
L__main24:
0x0067	0x1D03      	BTFSS      STATUS, 2
0x0068	0x286D      	GOTO       L_main12
L__main18:
;_rnek5.c,28 :: 		up=1;
0x0069	0x3001      	MOVLW      1
0x006A	0x00A0      	MOVWF      _up
0x006B	0x3000      	MOVLW      0
0x006C	0x00A1      	MOVWF      _up+1
;_rnek5.c,29 :: 		}
L_main12:
;_rnek5.c,31 :: 		if(PORTB<=0b00000000||up==1){
0x006D	0x0806      	MOVF       PORTB, 0
0x006E	0x3C00      	SUBLW      0
0x006F	0x1803      	BTFSC      STATUS, 0
0x0070	0x287A      	GOTO       L__main17
0x0071	0x3000      	MOVLW      0
0x0072	0x0621      	XORWF      _up+1, 0
0x0073	0x1D03      	BTFSS      STATUS, 2
0x0074	0x2877      	GOTO       L__main25
0x0075	0x3001      	MOVLW      1
0x0076	0x0620      	XORWF      _up, 0
L__main25:
0x0077	0x1903      	BTFSC      STATUS, 2
0x0078	0x287A      	GOTO       L__main17
0x0079	0x288B      	GOTO       L_main15
L__main17:
;_rnek5.c,33 :: 		PORTB=PORTB<<1;
0x007A	0x0806      	MOVF       PORTB, 0
0x007B	0x00F0      	MOVWF      R0
0x007C	0x0DF0      	RLF        R0, 1
0x007D	0x1070      	BCF        R0, 0
0x007E	0x0870      	MOVF       R0, 0
0x007F	0x0086      	MOVWF      PORTB
;_rnek5.c,34 :: 		delay_ms(10);
0x0080	0x301A      	MOVLW      26
0x0081	0x00FC      	MOVWF      R12
0x0082	0x30F8      	MOVLW      248
0x0083	0x00FD      	MOVWF      R13
L_main16:
0x0084	0x0BFD      	DECFSZ     R13, 1
0x0085	0x2884      	GOTO       L_main16
0x0086	0x0BFC      	DECFSZ     R12, 1
0x0087	0x2884      	GOTO       L_main16
0x0088	0x0000      	NOP
;_rnek5.c,35 :: 		down=0;
0x0089	0x01A2      	CLRF       _down
0x008A	0x01A3      	CLRF       _down+1
;_rnek5.c,36 :: 		}
L_main15:
;_rnek5.c,37 :: 		}
0x008B	0x282F      	GOTO       L_main1
;_rnek5.c,38 :: 		}
L_end_main:
0x008C	0x288C      	GOTO       $+0
; end of _main
Symbol List:
//** Routines locations **
//ADDRESS    SIZE    PROCEDURE
//----------------------------------------------
0x0003       [7]    _____DoICP
0x000A      [12]    ___CC2DW
0x0016     [119]    _main
//** Variables locations ** 
//ADDRESS    SIZE    VARIABLE
//----------------------------------------------
0x0000       [1]    INDF
0x0002       [1]    PCL
0x0003       [1]    STATUS
0x0004       [1]    FSR
0x0006       [1]    PORTB
0x000A       [1]    PCLATH
0x0020       [2]    _up
0x0022       [2]    _down
0x0024       [2]    ___DoICPAddr
0x0070       [1]    R0
0x0071       [1]    R1
0x0072       [1]    R2
0x0073       [1]    R3
0x0074       [1]    R4
0x0075       [1]    R5
0x0076       [1]    R6
0x0077       [1]    R7
0x0078       [1]    R8
0x0079       [1]    R9
0x007A       [1]    R10
0x007B       [1]    R11
0x007C       [1]    R12
0x007D       [1]    R13
0x007E       [1]    R14
0x007F       [1]    R15
0x0086       [1]    TRISB
0x0188       [1]    ANSEL
0x0189       [1]    ANSELH
