;  LST file generated by mikroListExporter - v.2.0 
; Date/Time: 24.12.2022 14:00:34
;----------------------------------------------

;Address Opcode 	ASM
0x0000	0x28B7      	GOTO       183
_____DoICP:
;__Lib_System.c,6 :: 		
;__Lib_System.c,9 :: 		
0x0003	0x1283      	BCF        STATUS, 5
0x0004	0x1303      	BCF        STATUS, 6
0x0005	0x0822      	MOVF       ___DoICPAddr+1, 0
0x0006	0x008A      	MOVWF      PCLATH
;__Lib_System.c,10 :: 		
0x0007	0x0821      	MOVF       ___DoICPAddr, 0
0x0008	0x0082      	MOVWF      PCL
;__Lib_System.c,12 :: 		
L_end_____DoICP:
0x0009	0x0008      	RETURN
; end of _____DoICP
_Delay_22us:
;__Lib_Delays.c,15 :: 		void Delay_22us() {
;__Lib_Delays.c,16 :: 		Delay_us(22);
0x000A	0x300E      	MOVLW      14
0x000B	0x1283      	BCF        STATUS, 5
0x000C	0x1303      	BCF        STATUS, 6
0x000D	0x00FD      	MOVWF      R13
L_Delay_22us1:
0x000E	0x0BFD      	DECFSZ     R13, 1
0x000F	0x280E      	GOTO       L_Delay_22us1
0x0010	0x0000      	NOP
;__Lib_Delays.c,17 :: 		}
L_end_Delay_22us:
0x0011	0x0008      	RETURN
; end of _Delay_22us
_Mul_16X16_U:
;__Lib_Math.c,136 :: 		
;__Lib_Math.c,143 :: 		
0x0012	0x1283      	BCF        STATUS, 5
;__Lib_Math.c,144 :: 		
0x0013	0x1303      	BCF        STATUS, 6
;__Lib_Math.c,145 :: 		
0x0014	0x01FB      	CLRF       R11
;__Lib_Math.c,146 :: 		
0x0015	0x01FA      	CLRF       R10
;__Lib_Math.c,147 :: 		
0x0016	0x01F9      	CLRF       R9
;__Lib_Math.c,148 :: 		
0x0017	0x3080      	MOVLW      128
;__Lib_Math.c,149 :: 		
0x0018	0x00F8      	MOVWF      R8
;__Lib_Math.c,150 :: 		
0x0019	0x0CF1      	RRF        R1, 1
;__Lib_Math.c,151 :: 		
0x001A	0x0CF0      	RRF        R0, 1
;__Lib_Math.c,152 :: 		
0x001B	0x1C03      	BTFSS      STATUS, 0
;__Lib_Math.c,153 :: 		
0x001C	0x2826      	GOTO       $+10
;__Lib_Math.c,154 :: 		
0x001D	0x0874      	MOVF       R4, 0
;__Lib_Math.c,155 :: 		
0x001E	0x07F9      	ADDWF      R9, 1
;__Lib_Math.c,156 :: 		
0x001F	0x0875      	MOVF       R5, 0
;__Lib_Math.c,157 :: 		
0x0020	0x1803      	BTFSC      STATUS, 0
;__Lib_Math.c,158 :: 		
0x0021	0x0F75      	INCFSZ     R5, 0
;__Lib_Math.c,159 :: 		
0x0022	0x07FA      	ADDWF      R10, 1
;__Lib_Math.c,160 :: 		
0x0023	0x1803      	BTFSC      STATUS, 0
;__Lib_Math.c,161 :: 		
0x0024	0x0AFB      	INCF       R11, 1
;__Lib_Math.c,162 :: 		
0x0025	0x1003      	BCF        STATUS, 0
;__Lib_Math.c,163 :: 		
0x0026	0x1FF0      	BTFSS      R0, 7
;__Lib_Math.c,164 :: 		
0x0027	0x282E      	GOTO       $+7
;__Lib_Math.c,165 :: 		
0x0028	0x0874      	MOVF       R4, 0
;__Lib_Math.c,166 :: 		
0x0029	0x07FA      	ADDWF      R10, 1
;__Lib_Math.c,167 :: 		
0x002A	0x0875      	MOVF       R5, 0
;__Lib_Math.c,168 :: 		
0x002B	0x1803      	BTFSC      STATUS, 0
;__Lib_Math.c,169 :: 		
0x002C	0x0F75      	INCFSZ     R5, 0
;__Lib_Math.c,170 :: 		
0x002D	0x07FB      	ADDWF      R11, 1
;__Lib_Math.c,171 :: 		
0x002E	0x0CFB      	RRF        R11, 1
;__Lib_Math.c,172 :: 		
0x002F	0x0CFA      	RRF        R10, 1
;__Lib_Math.c,173 :: 		
0x0030	0x0CF9      	RRF        R9, 1
;__Lib_Math.c,174 :: 		
0x0031	0x0CF8      	RRF        R8, 1
;__Lib_Math.c,175 :: 		
0x0032	0x1C03      	BTFSS      STATUS, 0
;__Lib_Math.c,176 :: 		
0x0033	0x2819      	GOTO       $-26
;__Lib_Math.c,177 :: 		
0x0034	0x087B      	MOVF       R11, 0
;__Lib_Math.c,178 :: 		
0x0035	0x00F3      	MOVWF      R3
;__Lib_Math.c,179 :: 		
0x0036	0x087A      	MOVF       R10, 0
;__Lib_Math.c,180 :: 		
0x0037	0x00F2      	MOVWF      R2
;__Lib_Math.c,181 :: 		
0x0038	0x0879      	MOVF       R9, 0
;__Lib_Math.c,182 :: 		
0x0039	0x00F1      	MOVWF      R1
;__Lib_Math.c,183 :: 		
0x003A	0x0878      	MOVF       R8, 0
;__Lib_Math.c,184 :: 		
0x003B	0x00F0      	MOVWF      R0
;__Lib_Math.c,187 :: 		
L_end_Mul_16X16_U:
0x003C	0x0008      	RETURN
; end of _Mul_16X16_U
_PWM1_Start:
;__Lib_PWM_c21.c,50 :: 		
;__Lib_PWM_c21.c,51 :: 		
0x003D	0x1683      	BSF        STATUS, 5
0x003E	0x1303      	BCF        STATUS, 6
0x003F	0x1107      	BCF        TRISC2_bit, BitPos(TRISC2_bit+0)
;__Lib_PWM_c21.c,52 :: 		
0x0040	0x1283      	BCF        STATUS, 5
0x0041	0x1512      	BSF        T2CON, 2
;__Lib_PWM_c21.c,53 :: 		
0x0042	0x300C      	MOVLW      12
0x0043	0x0497      	IORWF      CCP1CON, 1
;__Lib_PWM_c21.c,54 :: 		
L_end_PWM1_Start:
0x0044	0x0008      	RETURN
; end of _PWM1_Start
_ADC_Read:
;__Lib_ADC_88X.c,78 :: 		
;__Lib_ADC_88X.c,80 :: 		
0x0045	0x30C3      	MOVLW      195
0x0046	0x1283      	BCF        STATUS, 5
0x0047	0x1303      	BCF        STATUS, 6
0x0048	0x059F      	ANDWF      ADCON0, 1
;__Lib_ADC_88X.c,84 :: 		
0x0049	0x30C0      	MOVLW      192
0x004A	0x009F      	MOVWF      ADCON0
;__Lib_ADC_88X.c,85 :: 		
0x004B	0x0827      	MOVF       FARG_ADC_Read_channel, 0
0x004C	0x00F0      	MOVWF      R0
0x004D	0x0DF0      	RLF        R0, 1
0x004E	0x1070      	BCF        R0, 0
0x004F	0x0DF0      	RLF        R0, 1
0x0050	0x1070      	BCF        R0, 0
0x0051	0x0870      	MOVF       R0, 0
0x0052	0x049F      	IORWF      ADCON0, 1
;__Lib_ADC_88X.c,86 :: 		
0x0053	0x0920      	COMF       _vref_mask, 0
0x0054	0x00F0      	MOVWF      R0
0x0055	0x0870      	MOVF       R0, 0
0x0056	0x1683      	BSF        STATUS, 5
0x0057	0x059F      	ANDWF      ADCON1, 1
;__Lib_ADC_88X.c,87 :: 		
0x0058	0x179F      	BSF        ADCON1, 7
;__Lib_ADC_88X.c,90 :: 		
0x0059	0x1283      	BCF        STATUS, 5
0x005A	0x141F      	BSF        ADCON0, 0
;__Lib_ADC_88X.c,93 :: 		
0x005B	0x200A      	CALL       _Delay_22us
;__Lib_ADC_88X.c,96 :: 		
0x005C	0x149F      	BSF        ADCON0, 1
;__Lib_ADC_88X.c,99 :: 		
L_ADC_Read2:
0x005D	0x1C9F      	BTFSS      ADCON0, 1
0x005E	0x2861      	GOTO       L_ADC_Read3
;__Lib_ADC_88X.c,100 :: 		
0x005F	0x0000      	NOP
0x0060	0x285D      	GOTO       L_ADC_Read2
L_ADC_Read3:
;__Lib_ADC_88X.c,103 :: 		
0x0061	0x101F      	BCF        ADCON0, 0
;__Lib_ADC_88X.c,106 :: 		
0x0062	0x081E      	MOVF       ADRESH, 0
0x0063	0x00F1      	MOVWF      R0+1
0x0064	0x01F0      	CLRF       R0
0x0065	0x1683      	BSF        STATUS, 5
0x0066	0x081E      	MOVF       ADRESL, 0
0x0067	0x04F0      	IORWF      R0, 1
0x0068	0x3000      	MOVLW      0
0x0069	0x04F1      	IORWF      R0+1, 1
;__Lib_ADC_88X.c,107 :: 		
L_end_ADC_Read:
0x006A	0x0008      	RETURN
; end of _ADC_Read
_PWM1_Init:
;__Lib_PWM_c21.c,32 :: 		
;__Lib_PWM_c21.c,33 :: 		
;__Lib_PWM_c21.c,34 :: 		
0x006B	0x1283      	BCF        STATUS, 5
0x006C	0x1303      	BCF        STATUS, 6
0x006D	0x0195      	CLRF       CCPR1L
;__Lib_PWM_c21.c,35 :: 		
0x006E	0x1217      	BCF        CCP1CON, 4
;__Lib_PWM_c21.c,36 :: 		
0x006F	0x1297      	BCF        CCP1CON, 5
;__Lib_PWM_c21.c,37 :: 		
L_end_PWM1_Init:
0x0070	0x0008      	RETURN
; end of _PWM1_Init
___CC2DW:
;__Lib_System.c,134 :: 		
;__Lib_System.c,137 :: 		
_CC2D_Loop1:
;__Lib_System.c,139 :: 		
0x0071	0x2003      	CALL       _____DoICP
0x0072	0x118A      	BCF        PCLATH, 3
0x0073	0x120A      	BCF        PCLATH, 4
;__Lib_System.c,141 :: 		
0x0074	0x0080      	MOVWF      INDF
;__Lib_System.c,142 :: 		
0x0075	0x0A84      	INCF       FSR, 1
;__Lib_System.c,143 :: 		
0x0076	0x0AA1      	INCF       ___DoICPAddr, 1
;__Lib_System.c,145 :: 		
0x0077	0x1903      	BTFSC      STATUS, 2
;__Lib_System.c,146 :: 		
0x0078	0x0AA2      	INCF       ___DoICPAddr+1, 1
;__Lib_System.c,147 :: 		
0x0079	0x03F0      	DECF       R0, 1
;__Lib_System.c,149 :: 		
0x007A	0x1D03      	BTFSS      STATUS, 2
;__Lib_System.c,150 :: 		
0x007B	0x2871      	GOTO       _CC2D_Loop1
;__Lib_System.c,152 :: 		
L_end___CC2DW:
0x007C	0x0008      	RETURN
; end of ___CC2DW
_PWM1_Set_Duty:
;__Lib_PWM_c21.c,39 :: 		
;__Lib_PWM_c21.c,43 :: 		
0x007D	0x1683      	BSF        STATUS, 5
0x007E	0x1303      	BCF        STATUS, 6
0x007F	0x0812      	MOVF       PR2, 0
0x0080	0x3E01      	ADDLW      1
0x0081	0x00F0      	MOVWF      R0
0x0082	0x01F1      	CLRF       R0+1
0x0083	0x1803      	BTFSC      STATUS, 0
0x0084	0x0AF1      	INCF       R0+1, 1
0x0085	0x1283      	BCF        STATUS, 5
0x0086	0x0827      	MOVF       FARG_PWM1_Set_Duty_new_duty, 0
0x0087	0x00F4      	MOVWF      R4
0x0088	0x01F5      	CLRF       R4+1
0x0089	0x2012      	CALL       _Mul_16X16_U
0x008A	0x3006      	MOVLW      6
0x008B	0x00F2      	MOVWF      R2
0x008C	0x0870      	MOVF       R0, 0
0x008D	0x00F4      	MOVWF      R4
0x008E	0x0871      	MOVF       R0+1, 0
0x008F	0x00F5      	MOVWF      R4+1
0x0090	0x0872      	MOVF       R2, 0
L__PWM1_Set_Duty10:
0x0091	0x1903      	BTFSC      STATUS, 2
0x0092	0x2898      	GOTO       L__PWM1_Set_Duty11
0x0093	0x0CF5      	RRF        R4+1, 1
0x0094	0x0CF4      	RRF        R4, 1
0x0095	0x13F5      	BCF        R4+1, 7
0x0096	0x3EFF      	ADDLW      255
0x0097	0x2891      	GOTO       L__PWM1_Set_Duty10
L__PWM1_Set_Duty11:
;__Lib_PWM_c21.c,44 :: 		
0x0098	0x3004      	MOVLW      4
0x0099	0x00F1      	MOVWF      R1
0x009A	0x0874      	MOVF       R4, 0
0x009B	0x00F0      	MOVWF      R0
0x009C	0x0871      	MOVF       R1, 0
L__PWM1_Set_Duty12:
0x009D	0x1903      	BTFSC      STATUS, 2
0x009E	0x28A3      	GOTO       L__PWM1_Set_Duty13
0x009F	0x0DF0      	RLF        R0, 1
0x00A0	0x1070      	BCF        R0, 0
0x00A1	0x3EFF      	ADDLW      255
0x00A2	0x289D      	GOTO       L__PWM1_Set_Duty12
L__PWM1_Set_Duty13:
0x00A3	0x3030      	MOVLW      48
0x00A4	0x0570      	ANDWF      R0, 0
0x00A5	0x00F3      	MOVWF      R3
;__Lib_PWM_c21.c,45 :: 		
0x00A6	0x0874      	MOVF       R4, 0
0x00A7	0x00F0      	MOVWF      R0
0x00A8	0x0875      	MOVF       R4+1, 0
0x00A9	0x00F1      	MOVWF      R0+1
0x00AA	0x0CF1      	RRF        R0+1, 1
0x00AB	0x0CF0      	RRF        R0, 1
0x00AC	0x13F1      	BCF        R0+1, 7
0x00AD	0x0CF1      	RRF        R0+1, 1
0x00AE	0x0CF0      	RRF        R0, 1
0x00AF	0x13F1      	BCF        R0+1, 7
0x00B0	0x0870      	MOVF       R0, 0
0x00B1	0x0095      	MOVWF      CCPR1L
;__Lib_PWM_c21.c,46 :: 		
0x00B2	0x300F      	MOVLW      15
0x00B3	0x0597      	ANDWF      CCP1CON, 1
;__Lib_PWM_c21.c,47 :: 		
0x00B4	0x0873      	MOVF       R3, 0
0x00B5	0x0497      	IORWF      CCP1CON, 1
;__Lib_PWM_c21.c,48 :: 		
L_end_PWM1_Set_Duty:
0x00B6	0x0008      	RETURN
; end of _PWM1_Set_Duty
_main:
0x00B7	0x2110      	CALL       272
;_rnek25.c,4 :: 		void main() {
;_rnek25.c,6 :: 		INTCON = 0;
0x00B8	0x018B      	CLRF       INTCON
;_rnek25.c,7 :: 		TRISA = 0x04;
0x00B9	0x3004      	MOVLW      4
0x00BA	0x1683      	BSF        STATUS, 5
0x00BB	0x1303      	BCF        STATUS, 6
0x00BC	0x0085      	MOVWF      TRISA
;_rnek25.c,8 :: 		TRISC = 0;
0x00BD	0x0187      	CLRF       TRISC
;_rnek25.c,9 :: 		PORTC = 0;
0x00BE	0x1283      	BCF        STATUS, 5
0x00BF	0x0187      	CLRF       PORTC
;_rnek25.c,10 :: 		PWM1_Init(1000);
0x00C0	0x1412      	BSF        T2CON, 0
0x00C1	0x1492      	BSF        T2CON, 1
0x00C2	0x307C      	MOVLW      124
0x00C3	0x1683      	BSF        STATUS, 5
0x00C4	0x0092      	MOVWF      PR2
0x00C5	0x206B      	CALL       _PWM1_Init
;_rnek25.c,11 :: 		ADCON1 = 0X82;
0x00C6	0x3082      	MOVLW      130
0x00C7	0x1683      	BSF        STATUS, 5
0x00C8	0x009F      	MOVWF      ADCON1
;_rnek25.c,12 :: 		Delay_ms(500);
0x00C9	0x3006      	MOVLW      6
0x00CA	0x00FB      	MOVWF      R11
0x00CB	0x3013      	MOVLW      19
0x00CC	0x00FC      	MOVWF      R12
0x00CD	0x30AD      	MOVLW      173
0x00CE	0x00FD      	MOVWF      R13
L_main0:
0x00CF	0x0BFD      	DECFSZ     R13, 1
0x00D0	0x28CF      	GOTO       L_main0
0x00D1	0x0BFC      	DECFSZ     R12, 1
0x00D2	0x28CF      	GOTO       L_main0
0x00D3	0x0BFB      	DECFSZ     R11, 1
0x00D4	0x28CF      	GOTO       L_main0
0x00D5	0x0000      	NOP
0x00D6	0x0000      	NOP
;_rnek25.c,13 :: 		PWM1_Start();
0x00D7	0x203D      	CALL       _PWM1_Start
;_rnek25.c,15 :: 		while(1){
L_main1:
;_rnek25.c,17 :: 		adc_rd = ADC_Read(2);
0x00D8	0x3002      	MOVLW      2
0x00D9	0x00A7      	MOVWF      FARG_ADC_Read_channel
0x00DA	0x2045      	CALL       _ADC_Read
0x00DB	0x0870      	MOVF       R0, 0
0x00DC	0x1283      	BCF        STATUS, 5
0x00DD	0x00A5      	MOVWF      _adc_rd
0x00DE	0x0871      	MOVF       R0+1, 0
0x00DF	0x00A6      	MOVWF      _adc_rd+1
;_rnek25.c,18 :: 		Delay_ms(50);
0x00E0	0x3082      	MOVLW      130
0x00E1	0x00FC      	MOVWF      R12
0x00E2	0x30DD      	MOVLW      221
0x00E3	0x00FD      	MOVWF      R13
L_main3:
0x00E4	0x0BFD      	DECFSZ     R13, 1
0x00E5	0x28E4      	GOTO       L_main3
0x00E6	0x0BFC      	DECFSZ     R12, 1
0x00E7	0x28E4      	GOTO       L_main3
0x00E8	0x0000      	NOP
0x00E9	0x0000      	NOP
;_rnek25.c,19 :: 		division = adc_rd / 4;
0x00EA	0x0825      	MOVF       _adc_rd, 0
0x00EB	0x00F0      	MOVWF      R0
0x00EC	0x0826      	MOVF       _adc_rd+1, 0
0x00ED	0x00F1      	MOVWF      R0+1
0x00EE	0x0CF1      	RRF        R0+1, 1
0x00EF	0x0CF0      	RRF        R0, 1
0x00F0	0x13F1      	BCF        R0+1, 7
0x00F1	0x0CF1      	RRF        R0+1, 1
0x00F2	0x0CF0      	RRF        R0, 1
0x00F3	0x13F1      	BCF        R0+1, 7
0x00F4	0x0870      	MOVF       R0, 0
0x00F5	0x00A3      	MOVWF      _division
0x00F6	0x0871      	MOVF       R0+1, 0
0x00F7	0x00A4      	MOVWF      _division+1
;_rnek25.c,20 :: 		PWM1_Set_Duty(division);
0x00F8	0x0870      	MOVF       R0, 0
0x00F9	0x00A7      	MOVWF      FARG_PWM1_Set_Duty_new_duty
0x00FA	0x207D      	CALL       _PWM1_Set_Duty
;_rnek25.c,21 :: 		Delay_ms(100);
0x00FB	0x3002      	MOVLW      2
0x00FC	0x00FB      	MOVWF      R11
0x00FD	0x3004      	MOVLW      4
0x00FE	0x00FC      	MOVWF      R12
0x00FF	0x30BA      	MOVLW      186
0x0100	0x00FD      	MOVWF      R13
L_main4:
0x0101	0x0BFD      	DECFSZ     R13, 1
0x0102	0x2901      	GOTO       L_main4
0x0103	0x0BFC      	DECFSZ     R12, 1
0x0104	0x2901      	GOTO       L_main4
0x0105	0x0BFB      	DECFSZ     R11, 1
0x0106	0x2901      	GOTO       L_main4
0x0107	0x0000      	NOP
;_rnek25.c,22 :: 		}
0x0108	0x28D8      	GOTO       L_main1
;_rnek25.c,23 :: 		}
L_end_main:
0x0109	0x2909      	GOTO       $+0
; end of _main
0x0110	0x3020      	MOVLW      32
0x0111	0x0084      	MOVWF      FSR
0x0112	0x3001      	MOVLW      1
0x0113	0x1283      	BCF        STATUS, 5
0x0114	0x1303      	BCF        STATUS, 6
0x0115	0x00F0      	MOVWF      R0
0x0116	0x300F      	MOVLW      15
0x0117	0x00A1      	MOVWF      ___DoICPAddr
0x0118	0x3001      	MOVLW      1
0x0119	0x00A2      	MOVWF      34
0x011A	0x2071      	CALL       113
0x011B	0x0008      	RETURN
;__Lib_ADC_88X.c,0 :: ?ICS_vref_mask
0x010F	0x3430 ;?ICS_vref_mask+0
; end of ?ICS_vref_mask
Symbol List:
//** Routines locations **
//ADDRESS    SIZE    PROCEDURE
//----------------------------------------------
0x0003       [7]    _____DoICP
0x000A       [8]    _Delay_22us
0x0012      [43]    _Mul_16X16_U
0x003D       [8]    _PWM1_Start
0x0045      [38]    _ADC_Read
0x006B       [6]    _PWM1_Init
0x0071      [12]    ___CC2DW
0x007D      [58]    _PWM1_Set_Duty
0x00B7      [82]    _main
//** Variables locations ** 
//ADDRESS    SIZE    VARIABLE
//----------------------------------------------
0x0000       [1]    INDF
0x0002       [1]    PCL
0x0003       [1]    STATUS
0x0004       [1]    FSR
0x0007       [1]    PORTC
0x000A       [1]    PCLATH
0x000B       [1]    INTCON
0x0012       [1]    T2CON
0x0015       [1]    CCPR1L
0x0017       [1]    CCP1CON
0x001E       [1]    ADRESH
0x001F       [1]    ADCON0
0x0020       [1]    _vref_mask
0x0021       [2]    ___DoICPAddr
0x0023       [2]    _division
0x0025       [2]    _adc_rd
0x0027       [4]    FARG_PWM1_Init_PWM_Freq
0x0027       [1]    FARG_ADC_Read_channel
0x0027       [1]    FARG_PWM1_Set_Duty_new_duty
0x0070       [1]    R0
0x0071       [1]    R1
0x0072       [1]    R2
0x0073       [1]    R3
0x0074       [1]    R4
0x0075       [1]    R5
0x0076       [1]    R6
0x0077       [1]    R7
0x0078       [1]    R8
0x0079       [1]    R9
0x007A       [1]    R10
0x007B       [1]    R11
0x007C       [1]    R12
0x007D       [1]    R13
0x007E       [1]    R14
0x007F       [1]    R15
0x0085       [1]    TRISA
0x0087       [0]    TRISC2_bit
0x0087       [1]    TRISC
0x0092       [1]    PR2
0x009E       [1]    ADRESL
0x009F       [1]    ADCON1
//** Constants locations ** 
//ADDRESS    SIZE    CONSTANT
//----------------------------------------------
0x010F       [1]    ?ICS_vref_mask
