;  LST file generated by mikroListExporter - v.2.0 
; Date/Time: 21.11.2022 16:26:45
;----------------------------------------------

;Address Opcode 	ASM
0x0000	0x282C      	GOTO       44
_interrupt:
0x0004	0x00FF      	MOVWF      R15
0x0005	0x0E03      	SWAPF      STATUS, 0
0x0006	0x0183      	CLRF       STATUS
0x0007	0x00A5      	MOVWF      ___saveSTATUS
0x0008	0x080A      	MOVF       PCLATH, 0
0x0009	0x00A4      	MOVWF      ___savePCLATH
0x000A	0x018A      	CLRF       PCLATH
;_rnek13.c,3 :: 		void interrupt(){
;_rnek13.c,5 :: 		SAY=SAY+1;
0x000B	0x0AA0      	INCF       _SAY, 1
0x000C	0x1903      	BTFSC      STATUS, 2
0x000D	0x0AA1      	INCF       _SAY+1, 1
;_rnek13.c,6 :: 		PORTC=SAY;
0x000E	0x0820      	MOVF       _SAY, 0
0x000F	0x0087      	MOVWF      PORTC
;_rnek13.c,7 :: 		TMR0=0;
0x0010	0x0181      	CLRF       TMR0
;_rnek13.c,8 :: 		INTCON.t0if=0;
0x0011	0x110B      	BCF        INTCON, 2
;_rnek13.c,9 :: 		}
L_end_interrupt:
L__interrupt3:
0x0012	0x0824      	MOVF       ___savePCLATH, 0
0x0013	0x008A      	MOVWF      PCLATH
0x0014	0x0E25      	SWAPF      ___saveSTATUS, 0
0x0015	0x0083      	MOVWF      STATUS
0x0016	0x0EFF      	SWAPF      R15, 1
0x0017	0x0E7F      	SWAPF      R15, 0
0x0018	0x0009      	RETFIE
; end of _interrupt
_____DoICP:
;__Lib_System.c,6 :: 		
;__Lib_System.c,9 :: 		
0x0019	0x1283      	BCF        STATUS, 5
0x001A	0x1303      	BCF        STATUS, 6
0x001B	0x0823      	MOVF       ___DoICPAddr+1, 0
0x001C	0x008A      	MOVWF      PCLATH
;__Lib_System.c,10 :: 		
0x001D	0x0822      	MOVF       ___DoICPAddr, 0
0x001E	0x0082      	MOVWF      PCL
;__Lib_System.c,12 :: 		
L_end_____DoICP:
0x001F	0x0008      	RETURN
; end of _____DoICP
___CC2DW:
;__Lib_System.c,134 :: 		
;__Lib_System.c,137 :: 		
_CC2D_Loop1:
;__Lib_System.c,139 :: 		
0x0020	0x2019      	CALL       _____DoICP
0x0021	0x118A      	BCF        PCLATH, 3
0x0022	0x120A      	BCF        PCLATH, 4
;__Lib_System.c,141 :: 		
0x0023	0x0080      	MOVWF      INDF
;__Lib_System.c,142 :: 		
0x0024	0x0A84      	INCF       FSR, 1
;__Lib_System.c,143 :: 		
0x0025	0x0AA2      	INCF       ___DoICPAddr, 1
;__Lib_System.c,145 :: 		
0x0026	0x1903      	BTFSC      STATUS, 2
;__Lib_System.c,146 :: 		
0x0027	0x0AA3      	INCF       ___DoICPAddr+1, 1
;__Lib_System.c,147 :: 		
0x0028	0x03F0      	DECF       R0, 1
;__Lib_System.c,149 :: 		
0x0029	0x1D03      	BTFSS      STATUS, 2
;__Lib_System.c,150 :: 		
0x002A	0x2820      	GOTO       _CC2D_Loop1
;__Lib_System.c,152 :: 		
L_end___CC2DW:
0x002B	0x0008      	RETURN
; end of ___CC2DW
_main:
0x002C	0x1283      	BCF        STATUS, 5
0x002D	0x1303      	BCF        STATUS, 6
0x002E	0x01A0      	CLRF       _SAY
0x002F	0x01A1      	CLRF       33
;_rnek13.c,11 :: 		void main(){
;_rnek13.c,13 :: 		TRISC=0;
0x0030	0x1683      	BSF        STATUS, 5
0x0031	0x0187      	CLRF       TRISC
;_rnek13.c,14 :: 		OPTION_REG.T0CS=0;
0x0032	0x1281      	BCF        OPTION_REG, 5
;_rnek13.c,15 :: 		OPTION_REG.PSA=0;
0x0033	0x1181      	BCF        OPTION_REG, 3
;_rnek13.c,16 :: 		OPTION_REG.PS0=0;
0x0034	0x1001      	BCF        OPTION_REG, 0
;_rnek13.c,17 :: 		OPTION_REG.PS1=1;
0x0035	0x1481      	BSF        OPTION_REG, 1
;_rnek13.c,18 :: 		OPTION_REG.PS2=1;
0x0036	0x1501      	BSF        OPTION_REG, 2
;_rnek13.c,20 :: 		INTCON.GIE=1;
0x0037	0x178B      	BSF        INTCON, 7
;_rnek13.c,21 :: 		INTCON.T0IE=1;
0x0038	0x168B      	BSF        INTCON, 5
;_rnek13.c,22 :: 		TMR0=0;
0x0039	0x1283      	BCF        STATUS, 5
0x003A	0x0181      	CLRF       TMR0
;_rnek13.c,24 :: 		while(1){}
L_main0:
0x003B	0x283B      	GOTO       L_main0
;_rnek13.c,25 :: 		}
L_end_main:
0x003C	0x283C      	GOTO       $+0
; end of _main
Symbol List:
//** Routines locations **
//ADDRESS    SIZE    PROCEDURE
//----------------------------------------------
0x0004      [21]    _interrupt
0x0019       [7]    _____DoICP
0x0020      [12]    ___CC2DW
0x002C      [17]    _main
//** Variables locations ** 
//ADDRESS    SIZE    VARIABLE
//----------------------------------------------
0x0000       [1]    INDF
0x0001       [1]    TMR0
0x0002       [1]    PCL
0x0003       [1]    STATUS
0x0004       [1]    FSR
0x0007       [1]    PORTC
0x000A       [1]    PCLATH
0x000B       [1]    INTCON
0x0020       [2]    _SAY
0x0022       [2]    ___DoICPAddr
0x0024       [1]    ___savePCLATH
0x0025       [1]    ___saveSTATUS
0x0070       [1]    R0
0x0071       [1]    R1
0x0072       [1]    R2
0x0073       [1]    R3
0x0074       [1]    R4
0x0075       [1]    R5
0x0076       [1]    R6
0x0077       [1]    R7
0x0078       [1]    R8
0x0079       [1]    R9
0x007A       [1]    R10
0x007B       [1]    R11
0x007C       [1]    R12
0x007D       [1]    R13
0x007E       [1]    R14
0x007F       [1]    R15
0x0081       [1]    OPTION_REG
0x0087       [1]    TRISC
