;  LST file generated by mikroListExporter - v.2.0 
; Date/Time: 21.11.2022 16:35:46
;----------------------------------------------

;Address Opcode 	ASM
0x0000	0x2843      	GOTO       67
_____DoICP:
;__Lib_System.c,6 :: 		
;__Lib_System.c,9 :: 		
0x0003	0x1283      	BCF        STATUS, 5
0x0004	0x1303      	BCF        STATUS, 6
0x0005	0x0821      	MOVF       ___DoICPAddr+1, 0
0x0006	0x008A      	MOVWF      PCLATH
;__Lib_System.c,10 :: 		
0x0007	0x0820      	MOVF       ___DoICPAddr, 0
0x0008	0x0082      	MOVWF      PCL
;__Lib_System.c,12 :: 		
L_end_____DoICP:
0x0009	0x0008      	RETURN
; end of _____DoICP
_SSD:
;_rnek14.c,22 :: 		void SSD(){
;_rnek14.c,27 :: 		0x39,0x5E,0x79,0x71};
0x000A	0x303F      	MOVLW      63
0x000B	0x1283      	BCF        STATUS, 5
0x000C	0x1303      	BCF        STATUS, 6
0x000D	0x00A2      	MOVWF      SSD_LED_L0
0x000E	0x3006      	MOVLW      6
0x000F	0x00A3      	MOVWF      SSD_LED_L0+1
0x0010	0x305B      	MOVLW      91
0x0011	0x00A4      	MOVWF      SSD_LED_L0+2
0x0012	0x304F      	MOVLW      79
0x0013	0x00A5      	MOVWF      SSD_LED_L0+3
0x0014	0x3066      	MOVLW      102
0x0015	0x00A6      	MOVWF      SSD_LED_L0+4
0x0016	0x306D      	MOVLW      109
0x0017	0x00A7      	MOVWF      SSD_LED_L0+5
0x0018	0x307D      	MOVLW      125
0x0019	0x00A8      	MOVWF      SSD_LED_L0+6
0x001A	0x3007      	MOVLW      7
0x001B	0x00A9      	MOVWF      SSD_LED_L0+7
0x001C	0x307F      	MOVLW      127
0x001D	0x00AA      	MOVWF      SSD_LED_L0+8
0x001E	0x306F      	MOVLW      111
0x001F	0x00AB      	MOVWF      SSD_LED_L0+9
0x0020	0x3077      	MOVLW      119
0x0021	0x00AC      	MOVWF      SSD_LED_L0+10
0x0022	0x307C      	MOVLW      124
0x0023	0x00AD      	MOVWF      SSD_LED_L0+11
0x0024	0x3039      	MOVLW      57
0x0025	0x00AE      	MOVWF      SSD_LED_L0+12
0x0026	0x305E      	MOVLW      94
0x0027	0x00AF      	MOVWF      SSD_LED_L0+13
0x0028	0x3079      	MOVLW      121
0x0029	0x00B0      	MOVWF      SSD_LED_L0+14
0x002A	0x3071      	MOVLW      113
0x002B	0x00B1      	MOVWF      SSD_LED_L0+15
;_rnek14.c,28 :: 		PORTB=LED[TMR0];
0x002C	0x0801      	MOVF       TMR0, 0
0x002D	0x3E22      	ADDLW      SSD_LED_L0
0x002E	0x0084      	MOVWF      FSR
0x002F	0x0800      	MOVF       INDF, 0
0x0030	0x0086      	MOVWF      PORTB
;_rnek14.c,29 :: 		if(TMR0==16){
0x0031	0x0801      	MOVF       TMR0, 0
0x0032	0x3A10      	XORLW      16
0x0033	0x1D03      	BTFSS      STATUS, 2
0x0034	0x2836      	GOTO       L_SSD2
;_rnek14.c,30 :: 		TMR0=0;
0x0035	0x0181      	CLRF       TMR0
;_rnek14.c,31 :: 		}
L_SSD2:
;_rnek14.c,32 :: 		}
L_end_SSD:
0x0036	0x0008      	RETURN
; end of _SSD
___CC2DW:
;__Lib_System.c,134 :: 		
;__Lib_System.c,137 :: 		
_CC2D_Loop1:
;__Lib_System.c,139 :: 		
0x0037	0x2003      	CALL       _____DoICP
0x0038	0x118A      	BCF        PCLATH, 3
0x0039	0x120A      	BCF        PCLATH, 4
;__Lib_System.c,141 :: 		
0x003A	0x0080      	MOVWF      INDF
;__Lib_System.c,142 :: 		
0x003B	0x0A84      	INCF       FSR, 1
;__Lib_System.c,143 :: 		
0x003C	0x0AA0      	INCF       ___DoICPAddr, 1
;__Lib_System.c,145 :: 		
0x003D	0x1903      	BTFSC      STATUS, 2
;__Lib_System.c,146 :: 		
0x003E	0x0AA1      	INCF       ___DoICPAddr+1, 1
;__Lib_System.c,147 :: 		
0x003F	0x03F0      	DECF       R0, 1
;__Lib_System.c,149 :: 		
0x0040	0x1D03      	BTFSS      STATUS, 2
;__Lib_System.c,150 :: 		
0x0041	0x2837      	GOTO       _CC2D_Loop1
;__Lib_System.c,152 :: 		
L_end___CC2DW:
0x0042	0x0008      	RETURN
; end of ___CC2DW
_main:
;_rnek14.c,3 :: 		void main() {
;_rnek14.c,4 :: 		PORTA=0x00;
0x0043	0x1283      	BCF        STATUS, 5
0x0044	0x1303      	BCF        STATUS, 6
0x0045	0x0185      	CLRF       PORTA
;_rnek14.c,5 :: 		PORTB=0x00;
0x0046	0x0186      	CLRF       PORTB
;_rnek14.c,6 :: 		TRISA.TRISA4=1;
0x0047	0x1683      	BSF        STATUS, 5
0x0048	0x1605      	BSF        TRISA, 4
;_rnek14.c,7 :: 		TRISB=0x00;
0x0049	0x0186      	CLRF       TRISB
;_rnek14.c,8 :: 		OSCCON=0x70;
0x004A	0x3070      	MOVLW      112
0x004B	0x008F      	MOVWF      OSCCON
;_rnek14.c,9 :: 		OPTION_REG.T0CS=1;
0x004C	0x1681      	BSF        OPTION_REG, 5
;_rnek14.c,10 :: 		OPTION_REG.T0SE=1;
0x004D	0x1601      	BSF        OPTION_REG, 4
;_rnek14.c,11 :: 		OPTION_REG.PSA=1;
0x004E	0x1581      	BSF        OPTION_REG, 3
;_rnek14.c,12 :: 		OPTION_REG.PS0=1;
0x004F	0x1401      	BSF        OPTION_REG, 0
;_rnek14.c,13 :: 		OPTION_REG.PS1=1;
0x0050	0x1481      	BSF        OPTION_REG, 1
;_rnek14.c,14 :: 		OPTION_REG.PS2=1;
0x0051	0x1501      	BSF        OPTION_REG, 2
;_rnek14.c,15 :: 		TMR0=0;
0x0052	0x1283      	BCF        STATUS, 5
0x0053	0x0181      	CLRF       TMR0
;_rnek14.c,16 :: 		while(1){
L_main0:
;_rnek14.c,18 :: 		SSD();
0x0054	0x200A      	CALL       _SSD
;_rnek14.c,19 :: 		}
0x0055	0x2854      	GOTO       L_main0
;_rnek14.c,20 :: 		}
L_end_main:
0x0056	0x2856      	GOTO       $+0
; end of _main
Symbol List:
//** Routines locations **
//ADDRESS    SIZE    PROCEDURE
//----------------------------------------------
0x0003       [7]    _____DoICP
0x000A      [45]    _SSD
0x0037      [12]    ___CC2DW
0x0043      [20]    _main
//** Variables locations ** 
//ADDRESS    SIZE    VARIABLE
//----------------------------------------------
0x0000       [1]    INDF
0x0001       [1]    TMR0
0x0002       [1]    PCL
0x0003       [1]    STATUS
0x0004       [1]    FSR
0x0005       [1]    PORTA
0x0006       [1]    PORTB
0x000A       [1]    PCLATH
0x0020       [2]    ___DoICPAddr
0x0022      [16]    SSD_LED_L0
0x0070       [1]    R0
0x0071       [1]    R1
0x0072       [1]    R2
0x0073       [1]    R3
0x0074       [1]    R4
0x0075       [1]    R5
0x0076       [1]    R6
0x0077       [1]    R7
0x0078       [1]    R8
0x0079       [1]    R9
0x007A       [1]    R10
0x007B       [1]    R11
0x007C       [1]    R12
0x007D       [1]    R13
0x007E       [1]    R14
0x007F       [1]    R15
0x0081       [1]    OPTION_REG
0x0085       [1]    TRISA
0x0086       [1]    TRISB
0x008F       [1]    OSCCON
